app/build/intermediates/manifest_merge_blame_file/debug/manifest-merger-blame-debug-report.txt
1<?xml version="1.0" encoding="utf-8"?>
2<manifest xmlns:android="http://schemas.android.com/apk/res/android"
3    package="com.kinetic.trainer"
4    android:versionCode="1"
5    android:versionName="1.0" >
6
7    <uses-sdk
8        android:minSdkVersion="26"
9        android:targetSdkVersion="35" />
10
11    <uses-permission android:name="android.permission.INTERNET" />
11-->src\main\AndroidManifest.xml:4:5-67
11-->src\main\AndroidManifest.xml:4:22-64
12    <uses-permission android:name="android.permission.POST_NOTIFICATIONS" />
12-->src\main\AndroidManifest.xml:5:5-77
12-->src\main\AndroidManifest.xml:5:22-74
13    <uses-permission android:name="android.permission.ACCESS_NETWORK_STATE" />
13-->[com.google.firebase:firebase-auth:22.3.1] AndroidManifest.xml:26:5-79
13-->[com.google.firebase:firebase-auth:22.3.1] AndroidManifest.xml:26:22-76
14    <uses-permission android:name="android.permission.WAKE_LOCK" /> <!-- Required by older versions of Google Play services to create IID tokens -->
14-->[com.google.firebase:firebase-messaging:23.4.1] AndroidManifest.xml:24:5-68
14-->[com.google.firebase:firebase-messaging:23.4.1] AndroidManifest.xml:24:22-65
15    <uses-permission android:name="com.google.android.c2dm.permission.RECEIVE" />
15-->[com.google.firebase:firebase-messaging:23.4.1] AndroidManifest.xml:26:5-82
15-->[com.google.firebase:firebase-messaging:23.4.1] AndroidManifest.xml:26:22-79
16    <uses-permission android:name="com.google.android.providers.gsf.permission.READ_GSERVICES" />
16-->[com.google.android.recaptcha:recaptcha:18.4.0] AndroidManifest.xml:9:5-98
16-->[com.google.android.recaptcha:recaptcha:18.4.0] AndroidManifest.xml:9:22-95
17
18    <permission
18-->[androidx.core:core:1.12.0] AndroidManifest.xml:22:5-24:47
19        android:name="com.kinetic.trainer.DYNAMIC_RECEIVER_NOT_EXPORTED_PERMISSION"
19-->[androidx.core:core:1.12.0] AndroidManifest.xml:23:9-81
20        android:protectionLevel="signature" />
20-->[androidx.core:core:1.12.0] AndroidManifest.xml:24:9-44
21
22    <uses-permission android:name="com.kinetic.trainer.DYNAMIC_RECEIVER_NOT_EXPORTED_PERMISSION" />
22-->[androidx.core:core:1.12.0] AndroidManifest.xml:26:5-97
22-->[androidx.core:core:1.12.0] AndroidManifest.xml:26:22-94
23    <uses-permission android:name="android.permission.WRITE_EXTERNAL_STORAGE" />
24    <uses-permission android:name="android.permission.READ_PHONE_STATE" />
25    <uses-permission android:name="android.permission.READ_EXTERNAL_STORAGE" />
26
27    <application
27-->src\main\AndroidManifest.xml:7:5-35:19
28        android:name="com.kinetic.trainer.TrainerApplication"
28-->src\main\AndroidManifest.xml:8:9-43
29        android:allowBackup="false"
29-->src\main\AndroidManifest.xml:9:9-36
30        android:appComponentFactory="androidx.core.app.CoreComponentFactory"
30-->[androidx.core:core:1.12.0] AndroidManifest.xml:28:18-86
31        android:debuggable="true"
32        android:extractNativeLibs="false"
33        android:fullBackupContent="false"
33-->src\main\AndroidManifest.xml:10:9-42
34        android:icon="@mipmap/ic_launcher"
34-->src\main\AndroidManifest.xml:11:9-43
35        android:label="@string/app_name"
35-->src\main\AndroidManifest.xml:12:9-41
36        android:roundIcon="@mipmap/ic_launcher_round"
36-->src\main\AndroidManifest.xml:13:9-54
37        android:supportsRtl="true"
37-->src\main\AndroidManifest.xml:14:9-35
38        android:theme="@style/Theme.KineticTrainer" >
38-->src\main\AndroidManifest.xml:15:9-52
39        <activity
39-->src\main\AndroidManifest.xml:17:9-25:20
40            android:name="com.kinetic.trainer.MainActivity"
40-->src\main\AndroidManifest.xml:18:13-41
41            android:exported="true"
41-->src\main\AndroidManifest.xml:19:13-36
42            android:theme="@style/Theme.KineticTrainer" >
42-->src\main\AndroidManifest.xml:20:13-56
43            <intent-filter>
43-->src\main\AndroidManifest.xml:21:13-24:29
44                <action android:name="android.intent.action.MAIN" />
44-->src\main\AndroidManifest.xml:22:17-69
44-->src\main\AndroidManifest.xml:22:25-66
45
46                <category android:name="android.intent.category.LAUNCHER" />
46-->src\main\AndroidManifest.xml:23:17-77
46-->src\main\AndroidManifest.xml:23:27-74
47            </intent-filter>
48        </activity>
49
50        <service
50-->src\main\AndroidManifest.xml:27:9-33:19
51            android:name="com.kinetic.trainer.TrainerMessagingService"
51-->src\main\AndroidManifest.xml:28:13-52
52            android:exported="false" >
52-->src\main\AndroidManifest.xml:29:13-37
53            <intent-filter>
53-->src\main\AndroidManifest.xml:30:13-32:29
54                <action android:name="com.google.firebase.MESSAGING_EVENT" />
54-->src\main\AndroidManifest.xml:31:17-78
54-->src\main\AndroidManifest.xml:31:25-75
55            </intent-filter>
56        </service>
57
58        <activity
58-->[androidx.compose.ui:ui-tooling-android:1.6.1] AndroidManifest.xml:23:9-25:39
59            android:name="androidx.compose.ui.tooling.PreviewActivity"
59-->[androidx.compose.ui:ui-tooling-android:1.6.1] AndroidManifest.xml:24:13-71
60            android:exported="true" />
60-->[androidx.compose.ui:ui-tooling-android:1.6.1] AndroidManifest.xml:25:13-36
61        <activity
61-->[androidx.compose.ui:ui-test-manifest:1.6.1] AndroidManifest.xml:23:9-25:39
62            android:name="androidx.activity.ComponentActivity"
62-->[androidx.compose.ui:ui-test-manifest:1.6.1] AndroidManifest.xml:24:13-63
63            android:exported="true" />
63-->[androidx.compose.ui:ui-test-manifest:1.6.1] AndroidManifest.xml:25:13-36
64
65        <service
65-->[com.google.firebase:firebase-auth-ktx:22.3.1] AndroidManifest.xml:8:9-14:19
66            android:name="com.google.firebase.components.ComponentDiscoveryService"
66-->[com.google.firebase:firebase-auth-ktx:22.3.1] AndroidManifest.xml:9:13-84
67            android:directBootAware="true"
67-->[com.google.firebase:firebase-common:20.4.2] AndroidManifest.xml:32:13-43
68            android:exported="false" >
68-->[com.google.firebase:firebase-auth-ktx:22.3.1] AndroidManifest.xml:10:13-37
69            <meta-data
69-->[com.google.firebase:firebase-auth-ktx:22.3.1] AndroidManifest.xml:11:13-13:85
70                android:name="com.google.firebase.components:com.google.firebase.auth.ktx.FirebaseAuthLegacyRegistrar"
70-->[com.google.firebase:firebase-auth-ktx:22.3.1] AndroidManifest.xml:12:17-119
71                android:value="com.google.firebase.components.ComponentRegistrar" />
71-->[com.google.firebase:firebase-auth-ktx:22.3.1] AndroidManifest.xml:13:17-82
72            <meta-data
72-->[com.google.firebase:firebase-auth:22.3.1] AndroidManifest.xml:69:13-71:85
73                android:name="com.google.firebase.components:com.google.firebase.auth.FirebaseAuthRegistrar"
73-->[com.google.firebase:firebase-auth:22.3.1] AndroidManifest.xml:70:17-109
74                android:value="com.google.firebase.components.ComponentRegistrar" />
74-->[com.google.firebase:firebase-auth:22.3.1] AndroidManifest.xml:71:17-82
75            <meta-data
75-->[com.google.firebase:firebase-firestore-ktx:24.10.2] AndroidManifest.xml:12:13-14:85
76                android:name="com.google.firebase.components:com.google.firebase.firestore.ktx.FirebaseFirestoreLegacyRegistrar"
76-->[com.google.firebase:firebase-firestore-ktx:24.10.2] AndroidManifest.xml:13:17-129
77                android:value="com.google.firebase.components.ComponentRegistrar" />
77-->[com.google.firebase:firebase-firestore-ktx:24.10.2] AndroidManifest.xml:14:17-82
78            <meta-data
78-->[com.google.firebase:firebase-messaging-ktx:23.4.1] AndroidManifest.xml:26:13-28:85
79                android:name="com.google.firebase.components:com.google.firebase.messaging.ktx.FirebaseMessagingLegacyRegistrar"
79-->[com.google.firebase:firebase-messaging-ktx:23.4.1] AndroidManifest.xml:27:17-129
80                android:value="com.google.firebase.components.ComponentRegistrar" />
80-->[com.google.firebase:firebase-messaging-ktx:23.4.1] AndroidManifest.xml:28:17-82
81            <meta-data
81-->[com.google.firebase:firebase-firestore:24.10.2] AndroidManifest.xml:17:13-19:85
82                android:name="com.google.firebase.components:com.google.firebase.firestore.FirebaseFirestoreKtxRegistrar"
82-->[com.google.firebase:firebase-firestore:24.10.2] AndroidManifest.xml:18:17-122
83                android:value="com.google.firebase.components.ComponentRegistrar" />
83-->[com.google.firebase:firebase-firestore:24.10.2] AndroidManifest.xml:19:17-82
84            <meta-data
84-->[com.google.firebase:firebase-firestore:24.10.2] AndroidManifest.xml:20:13-22:85
85                android:name="com.google.firebase.components:com.google.firebase.firestore.FirestoreRegistrar"
85-->[com.google.firebase:firebase-firestore:24.10.2] AndroidManifest.xml:21:17-111
86                android:value="com.google.firebase.components.ComponentRegistrar" />
86-->[com.google.firebase:firebase-firestore:24.10.2] AndroidManifest.xml:22:17-82
87            <meta-data
87-->[com.google.firebase:firebase-messaging:23.4.1] AndroidManifest.xml:57:13-59:85
88                android:name="com.google.firebase.components:com.google.firebase.messaging.FirebaseMessagingKtxRegistrar"
88-->[com.google.firebase:firebase-messaging:23.4.1] AndroidManifest.xml:58:17-122
89                android:value="com.google.firebase.components.ComponentRegistrar" />
89-->[com.google.firebase:firebase-messaging:23.4.1] AndroidManifest.xml:59:17-82
90            <meta-data
90-->[com.google.firebase:firebase-messaging:23.4.1] AndroidManifest.xml:60:13-62:85
91                android:name="com.google.firebase.components:com.google.firebase.messaging.FirebaseMessagingRegistrar"
91-->[com.google.firebase:firebase-messaging:23.4.1] AndroidManifest.xml:61:17-119
92                android:value="com.google.firebase.components.ComponentRegistrar" />
92-->[com.google.firebase:firebase-messaging:23.4.1] AndroidManifest.xml:62:17-82
93            <meta-data
93-->[com.google.firebase:firebase-installations:17.2.0] AndroidManifest.xml:15:13-17:85
94                android:name="com.google.firebase.components:com.google.firebase.installations.FirebaseInstallationsKtxRegistrar"
94-->[com.google.firebase:firebase-installations:17.2.0] AndroidManifest.xml:16:17-130
95                android:value="com.google.firebase.components.ComponentRegistrar" />
95-->[com.google.firebase:firebase-installations:17.2.0] AndroidManifest.xml:17:17-82
96            <meta-data
96-->[com.google.firebase:firebase-installations:17.2.0] AndroidManifest.xml:18:13-20:85
97                android:name="com.google.firebase.components:com.google.firebase.installations.FirebaseInstallationsRegistrar"
97-->[com.google.firebase:firebase-installations:17.2.0] AndroidManifest.xml:19:17-127
98                android:value="com.google.firebase.components.ComponentRegistrar" />
98-->[com.google.firebase:firebase-installations:17.2.0] AndroidManifest.xml:20:17-82
99            <meta-data
99-->[com.google.firebase:firebase-common-ktx:20.4.2] AndroidManifest.xml:12:13-14:85
100                android:name="com.google.firebase.components:com.google.firebase.ktx.FirebaseCommonLegacyRegistrar"
100-->[com.google.firebase:firebase-common-ktx:20.4.2] AndroidManifest.xml:13:17-116
101                android:value="com.google.firebase.components.ComponentRegistrar" />
101-->[com.google.firebase:firebase-common-ktx:20.4.2] AndroidManifest.xml:14:17-82
102            <meta-data
102-->[com.google.firebase:firebase-common:20.4.2] AndroidManifest.xml:35:13-37:85
103                android:name="com.google.firebase.components:com.google.firebase.FirebaseCommonKtxRegistrar"
103-->[com.google.firebase:firebase-common:20.4.2] AndroidManifest.xml:36:17-109
104                android:value="com.google.firebase.components.ComponentRegistrar" />
104-->[com.google.firebase:firebase-common:20.4.2] AndroidManifest.xml:37:17-82
105            <meta-data
105-->[com.google.firebase:firebase-datatransport:18.1.7] AndroidManifest.xml:27:13-29:85
106                android:name="com.google.firebase.components:com.google.firebase.datatransport.TransportRegistrar"
106-->[com.google.firebase:firebase-datatransport:18.1.7] AndroidManifest.xml:28:17-115
107                android:value="com.google.firebase.components.ComponentRegistrar" />
107-->[com.google.firebase:firebase-datatransport:18.1.7] AndroidManifest.xml:29:17-82
108        </service>
109
110        <activity
110-->[com.google.firebase:firebase-auth:22.3.1] AndroidManifest.xml:29:9-46:20
111            android:name="com.google.firebase.auth.internal.GenericIdpActivity"
111-->[com.google.firebase:firebase-auth:22.3.1] AndroidManifest.xml:30:13-80
112            android:excludeFromRecents="true"
112-->[com.google.firebase:firebase-auth:22.3.1] AndroidManifest.xml:31:13-46
113            android:exported="true"
113-->[com.google.firebase:firebase-auth:22.3.1] AndroidManifest.xml:32:13-36
114            android:launchMode="singleTask"
114-->[com.google.firebase:firebase-auth:22.3.1] AndroidManifest.xml:33:13-44
115            android:theme="@android:style/Theme.Translucent.NoTitleBar" >
115-->[com.google.firebase:firebase-auth:22.3.1] AndroidManifest.xml:34:13-72
116            <intent-filter>
116-->[com.google.firebase:firebase-auth:22.3.1] AndroidManifest.xml:35:13-45:29
117                <action android:name="android.intent.action.VIEW" />
117-->[com.google.firebase:firebase-auth:22.3.1] AndroidManifest.xml:36:17-69
117-->[com.google.firebase:firebase-auth:22.3.1] AndroidManifest.xml:36:25-66
118
119                <category android:name="android.intent.category.DEFAULT" />
119-->[com.google.firebase:firebase-auth:22.3.1] AndroidManifest.xml:38:17-76
119-->[com.google.firebase:firebase-auth:22.3.1] AndroidManifest.xml:38:27-73
120                <category android:name="android.intent.category.BROWSABLE" />
120-->[com.google.firebase:firebase-auth:22.3.1] AndroidManifest.xml:39:17-78
120-->[com.google.firebase:firebase-auth:22.3.1] AndroidManifest.xml:39:27-75
121
122                <data
122-->[com.google.firebase:firebase-auth:22.3.1] AndroidManifest.xml:41:17-44:51
123                    android:host="firebase.auth"
123-->[com.google.firebase:firebase-auth:22.3.1] AndroidManifest.xml:42:21-49
124                    android:path="/"
124-->[com.google.firebase:firebase-auth:22.3.1] AndroidManifest.xml:43:21-37
125                    android:scheme="genericidp" />
125-->[com.google.firebase:firebase-auth:22.3.1] AndroidManifest.xml:44:21-48
126            </intent-filter>
127        </activity>
128        <activity
128-->[com.google.firebase:firebase-auth:22.3.1] AndroidManifest.xml:47:9-64:20
129            android:name="com.google.firebase.auth.internal.RecaptchaActivity"
129-->[com.google.firebase:firebase-auth:22.3.1] AndroidManifest.xml:48:13-79
130            android:excludeFromRecents="true"
130-->[com.google.firebase:firebase-auth:22.3.1] AndroidManifest.xml:49:13-46
131            android:exported="true"
131-->[com.google.firebase:firebase-auth:22.3.1] AndroidManifest.xml:50:13-36
132            android:launchMode="singleTask"
132-->[com.google.firebase:firebase-auth:22.3.1] AndroidManifest.xml:51:13-44
133            android:theme="@android:style/Theme.Translucent.NoTitleBar" >
133-->[com.google.firebase:firebase-auth:22.3.1] AndroidManifest.xml:52:13-72
134            <intent-filter>
134-->[com.google.firebase:firebase-auth:22.3.1] AndroidManifest.xml:53:13-63:29
135                <action android:name="android.intent.action.VIEW" />
135-->[com.google.firebase:firebase-auth:22.3.1] AndroidManifest.xml:36:17-69
135-->[com.google.firebase:firebase-auth:22.3.1] AndroidManifest.xml:36:25-66
136
137                <category android:name="android.intent.category.DEFAULT" />
137-->[com.google.firebase:firebase-auth:22.3.1] AndroidManifest.xml:38:17-76
137-->[com.google.firebase:firebase-auth:22.3.1] AndroidManifest.xml:38:27-73
138                <category android:name="android.intent.category.BROWSABLE" />
138-->[com.google.firebase:firebase-auth:22.3.1] AndroidManifest.xml:39:17-78
138-->[com.google.firebase:firebase-auth:22.3.1] AndroidManifest.xml:39:27-75
139
140                <data
140-->[com.google.firebase:firebase-auth:22.3.1] AndroidManifest.xml:41:17-44:51
141                    android:host="firebase.auth"
141-->[com.google.firebase:firebase-auth:22.3.1] AndroidManifest.xml:42:21-49
142                    android:path="/"
142-->[com.google.firebase:firebase-auth:22.3.1] AndroidManifest.xml:43:21-37
143                    android:scheme="recaptcha" />
143-->[com.google.firebase:firebase-auth:22.3.1] AndroidManifest.xml:44:21-48
144            </intent-filter>
145        </activity>
146
147        <receiver
147-->[com.google.firebase:firebase-messaging:23.4.1] AndroidManifest.xml:29:9-40:20
148            android:name="com.google.firebase.iid.FirebaseInstanceIdReceiver"
148-->[com.google.firebase:firebase-messaging:23.4.1] AndroidManifest.xml:30:13-78
149            android:exported="true"
149-->[com.google.firebase:firebase-messaging:23.4.1] AndroidManifest.xml:31:13-36
150            android:permission="com.google.android.c2dm.permission.SEND" >
150-->[com.google.firebase:firebase-messaging:23.4.1] AndroidManifest.xml:32:13-73
151            <intent-filter>
151-->[com.google.firebase:firebase-messaging:23.4.1] AndroidManifest.xml:33:13-35:29
152                <action android:name="com.google.android.c2dm.intent.RECEIVE" />
152-->[com.google.firebase:firebase-messaging:23.4.1] AndroidManifest.xml:34:17-81
152-->[com.google.firebase:firebase-messaging:23.4.1] AndroidManifest.xml:34:25-78
153            </intent-filter>
154
155            <meta-data
155-->[com.google.firebase:firebase-messaging:23.4.1] AndroidManifest.xml:37:13-39:40
156                android:name="com.google.android.gms.cloudmessaging.FINISHED_AFTER_HANDLED"
156-->[com.google.firebase:firebase-messaging:23.4.1] AndroidManifest.xml:38:17-92
157                android:value="true" />
157-->[com.google.firebase:firebase-messaging:23.4.1] AndroidManifest.xml:39:17-37
158        </receiver>
159        <!--
160             FirebaseMessagingService performs security checks at runtime,
161             but set to not exported to explicitly avoid allowing another app to call it.
162        -->
163        <service
163-->[com.google.firebase:firebase-messaging:23.4.1] AndroidManifest.xml:46:9-53:19
164            android:name="com.google.firebase.messaging.FirebaseMessagingService"
164-->[com.google.firebase:firebase-messaging:23.4.1] AndroidManifest.xml:47:13-82
165            android:directBootAware="true"
165-->[com.google.firebase:firebase-messaging:23.4.1] AndroidManifest.xml:48:13-43
166            android:exported="false" >
166-->[com.google.firebase:firebase-messaging:23.4.1] AndroidManifest.xml:49:13-37
167            <intent-filter android:priority="-500" >
167-->src\main\AndroidManifest.xml:30:13-32:29
168                <action android:name="com.google.firebase.MESSAGING_EVENT" />
168-->src\main\AndroidManifest.xml:31:17-78
168-->src\main\AndroidManifest.xml:31:25-75
169            </intent-filter>
170        </service>
171
172        <provider
172-->[com.google.firebase:firebase-common:20.4.2] AndroidManifest.xml:23:9-28:39
173            android:name="com.google.firebase.provider.FirebaseInitProvider"
173-->[com.google.firebase:firebase-common:20.4.2] AndroidManifest.xml:24:13-77
174            android:authorities="com.kinetic.trainer.firebaseinitprovider"
174-->[com.google.firebase:firebase-common:20.4.2] AndroidManifest.xml:25:13-72
175            android:directBootAware="true"
175-->[com.google.firebase:firebase-common:20.4.2] AndroidManifest.xml:26:13-43
176            android:exported="false"
176-->[com.google.firebase:firebase-common:20.4.2] AndroidManifest.xml:27:13-37
177            android:initOrder="100" />
177-->[com.google.firebase:firebase-common:20.4.2] AndroidManifest.xml:28:13-36
178
179        <activity
179-->[com.google.android.gms:play-services-base:18.0.1] AndroidManifest.xml:20:9-22:45
180            android:name="com.google.android.gms.common.api.GoogleApiActivity"
180-->[com.google.android.gms:play-services-base:18.0.1] AndroidManifest.xml:20:19-85
181            android:exported="false"
181-->[com.google.android.gms:play-services-base:18.0.1] AndroidManifest.xml:22:19-43
182            android:theme="@android:style/Theme.Translucent.NoTitleBar" />
182-->[com.google.android.gms:play-services-base:18.0.1] AndroidManifest.xml:21:19-78
183
184        <provider
184-->[androidx.emoji2:emoji2:1.3.0] AndroidManifest.xml:24:9-32:20
185            android:name="androidx.startup.InitializationProvider"
185-->[androidx.emoji2:emoji2:1.3.0] AndroidManifest.xml:25:13-67
186            android:authorities="com.kinetic.trainer.androidx-startup"
186-->[androidx.emoji2:emoji2:1.3.0] AndroidManifest.xml:26:13-68
187            android:exported="false" >
187-->[androidx.emoji2:emoji2:1.3.0] AndroidManifest.xml:27:13-37
188            <meta-data
188-->[androidx.emoji2:emoji2:1.3.0] AndroidManifest.xml:29:13-31:52
189                android:name="androidx.emoji2.text.EmojiCompatInitializer"
189-->[androidx.emoji2:emoji2:1.3.0] AndroidManifest.xml:30:17-75
190                android:value="androidx.startup" />
190-->[androidx.emoji2:emoji2:1.3.0] AndroidManifest.xml:31:17-49
191            <meta-data
191-->[androidx.lifecycle:lifecycle-process:2.7.0] AndroidManifest.xml:29:13-31:52
192                android:name="androidx.lifecycle.ProcessLifecycleInitializer"
192-->[androidx.lifecycle:lifecycle-process:2.7.0] AndroidManifest.xml:30:17-78
193                android:value="androidx.startup" />
193-->[androidx.lifecycle:lifecycle-process:2.7.0] AndroidManifest.xml:31:17-49
194            <meta-data
194-->[androidx.profileinstaller:profileinstaller:1.3.0] AndroidManifest.xml:29:13-31:52
195                android:name="androidx.profileinstaller.ProfileInstallerInitializer"
195-->[androidx.profileinstaller:profileinstaller:1.3.0] AndroidManifest.xml:30:17-85
196                android:value="androidx.startup" />
196-->[androidx.profileinstaller:profileinstaller:1.3.0] AndroidManifest.xml:31:17-49
197        </provider>
198
199        <meta-data
199-->[com.google.android.gms:play-services-basement:18.1.0] AndroidManifest.xml:21:9-23:69
200            android:name="com.google.android.gms.version"
200-->[com.google.android.gms:play-services-basement:18.1.0] AndroidManifest.xml:22:13-58
201            android:value="@integer/google_play_services_version" />
201-->[com.google.android.gms:play-services-basement:18.1.0] AndroidManifest.xml:23:13-66
202
203        <receiver
203-->[androidx.profileinstaller:profileinstaller:1.3.0] AndroidManifest.xml:34:9-52:20
204            android:name="androidx.profileinstaller.ProfileInstallReceiver"
204-->[androidx.profileinstaller:profileinstaller:1.3.0] AndroidManifest.xml:35:13-76
205            android:directBootAware="false"
205-->[androidx.profileinstaller:profileinstaller:1.3.0] AndroidManifest.xml:36:13-44
206            android:enabled="true"
206-->[androidx.profileinstaller:profileinstaller:1.3.0] AndroidManifest.xml:37:13-35
207            android:exported="true"
207-->[androidx.profileinstaller:profileinstaller:1.3.0] AndroidManifest.xml:38:13-36
208            android:permission="android.permission.DUMP" >
208-->[androidx.profileinstaller:profileinstaller:1.3.0] AndroidManifest.xml:39:13-57
209            <intent-filter>
209-->[androidx.profileinstaller:profileinstaller:1.3.0] AndroidManifest.xml:40:13-42:29
210                <action android:name="androidx.profileinstaller.action.INSTALL_PROFILE" />
210-->[androidx.profileinstaller:profileinstaller:1.3.0] AndroidManifest.xml:41:17-91
210-->[androidx.profileinstaller:profileinstaller:1.3.0] AndroidManifest.xml:41:25-88
211            </intent-filter>
212            <intent-filter>
212-->[androidx.profileinstaller:profileinstaller:1.3.0] AndroidManifest.xml:43:13-45:29
213                <action android:name="androidx.profileinstaller.action.SKIP_FILE" />
213-->[androidx.profileinstaller:profileinstaller:1.3.0] AndroidManifest.xml:44:17-85
213-->[androidx.profileinstaller:profileinstaller:1.3.0] AndroidManifest.xml:44:25-82
214            </intent-filter>
215            <intent-filter>
215-->[androidx.profileinstaller:profileinstaller:1.3.0] AndroidManifest.xml:46:13-48:29
216                <action android:name="androidx.profileinstaller.action.SAVE_PROFILE" />
216-->[androidx.profileinstaller:profileinstaller:1.3.0] AndroidManifest.xml:47:17-88
216-->[androidx.profileinstaller:profileinstaller:1.3.0] AndroidManifest.xml:47:25-85
217            </intent-filter>
218            <intent-filter>
218-->[androidx.profileinstaller:profileinstaller:1.3.0] AndroidManifest.xml:49:13-51:29
219                <action android:name="androidx.profileinstaller.action.BENCHMARK_OPERATION" />
219-->[androidx.profileinstaller:profileinstaller:1.3.0] AndroidManifest.xml:50:17-95
219-->[androidx.profileinstaller:profileinstaller:1.3.0] AndroidManifest.xml:50:25-92
220            </intent-filter>
221        </receiver>
222
223        <service
223-->[com.google.android.datatransport:transport-backend-cct:3.1.8] AndroidManifest.xml:28:9-34:19
224            android:name="com.google.android.datatransport.runtime.backends.TransportBackendDiscovery"
224-->[com.google.android.datatransport:transport-backend-cct:3.1.8] AndroidManifest.xml:29:13-103
225            android:exported="false" >
225-->[com.google.android.datatransport:transport-backend-cct:3.1.8] AndroidManifest.xml:30:13-37
226            <meta-data
226-->[com.google.android.datatransport:transport-backend-cct:3.1.8] AndroidManifest.xml:31:13-33:39
227                android:name="backend:com.google.android.datatransport.cct.CctBackendFactory"
227-->[com.google.android.datatransport:transport-backend-cct:3.1.8] AndroidManifest.xml:32:17-94
228                android:value="cct" />
228-->[com.google.android.datatransport:transport-backend-cct:3.1.8] AndroidManifest.xml:33:17-36
229        </service>
230        <service
230-->[com.google.android.datatransport:transport-runtime:3.1.8] AndroidManifest.xml:26:9-30:19
231            android:name="com.google.android.datatransport.runtime.scheduling.jobscheduling.JobInfoSchedulerService"
231-->[com.google.android.datatransport:transport-runtime:3.1.8] AndroidManifest.xml:27:13-117
232            android:exported="false"
232-->[com.google.android.datatransport:transport-runtime:3.1.8] AndroidManifest.xml:28:13-37
233            android:permission="android.permission.BIND_JOB_SERVICE" >
233-->[com.google.android.datatransport:transport-runtime:3.1.8] AndroidManifest.xml:29:13-69
234        </service>
235
236        <receiver
236-->[com.google.android.datatransport:transport-runtime:3.1.8] AndroidManifest.xml:32:9-34:40
237            android:name="com.google.android.datatransport.runtime.scheduling.jobscheduling.AlarmManagerSchedulerBroadcastReceiver"
237-->[com.google.android.datatransport:transport-runtime:3.1.8] AndroidManifest.xml:33:13-132
238            android:exported="false" />
238-->[com.google.android.datatransport:transport-runtime:3.1.8] AndroidManifest.xml:34:13-37
239    </application>
240
241</manifest>